<?xml version="1.0" encoding="UTF-8"?>
<!-- Generated by org.testng.reporters.JUnitReportReporter -->
<testsuite hostname="LLGDPF39JBHS" failures="0" tests="3" name="com.qa.opencart.tests.LoginPageTest" time="0.000" errors="0" timestamp="2023-03-07T12:13:17 CET" skipped="3">
  <testcase classname="com.qa.opencart.tests.LoginPageTest" name="loginPageNavigationTest" time="0.000">
    <skipped/>
  </testcase> <!-- loginPageNavigationTest -->
  <system-out/>
  <testcase classname="com.qa.opencart.tests.LoginPageTest" name="forgotPwdLinkExistTest" time="0.000">
    <skipped/>
  </testcase> <!-- forgotPwdLinkExistTest -->
  <system-out/>
  <testcase classname="com.qa.opencart.tests.LoginPageTest" name="appLoginTest" time="0.000">
    <skipped/>
  </testcase> <!-- appLoginTest -->
  <system-out/>
</testsuite> <!-- com.qa.opencart.tests.LoginPageTest -->
