<?xml version="1.0" encoding="UTF-8"?>
<!-- Generated by org.testng.reporters.JUnitReportReporter -->
<testsuite hostname="LLGDPF39JBHS" failures="0" tests="5" name="com.qa.opencart.tests.HomePageTest" time="0.000" errors="0" timestamp="2023-03-07T12:13:17 CET" skipped="5">
  <testcase classname="com.qa.opencart.tests.HomePageTest" name="searchTest" time="0.000">
    <skipped/>
  </testcase> <!-- searchTest -->
  <system-out/>
  <testcase classname="com.qa.opencart.tests.HomePageTest" name="searchTest" time="0.000">
    <skipped/>
  </testcase> <!-- searchTest -->
  <system-out/>
  <testcase classname="com.qa.opencart.tests.HomePageTest" name="homePageURLTest" time="0.000">
    <skipped/>
  </testcase> <!-- homePageURLTest -->
  <system-out/>
  <testcase classname="com.qa.opencart.tests.HomePageTest" name="homePageTitleTest" time="0.000">
    <skipped/>
  </testcase> <!-- homePageTitleTest -->
  <system-out/>
  <testcase classname="com.qa.opencart.tests.HomePageTest" name="searchTest" time="0.000">
    <skipped/>
  </testcase> <!-- searchTest -->
  <system-out/>
</testsuite> <!-- com.qa.opencart.tests.HomePageTest -->
